#
# There is insufficient memory for the Java Runtime Environment to continue.
# Native memory allocation (malloc) failed to allocate 257296 bytes for Chunk::new
# Possible reasons:
#   The system is out of physical RAM or swap space
#   The process is running with CompressedOops enabled, and the Java Heap may be blocking the growth of the native heap
# Possible solutions:
#   Reduce memory load on the system
#   Increase physical memory or swap space
#   Check if swap backing store is full
#   Decrease Java heap size (-Xmx/-Xms)
#   Decrease number of Java threads
#   Decrease Java thread stack sizes (-Xss)
#   Set larger code cache with -XX:ReservedCodeCacheSize=
#   JVM is running with Unscaled Compressed Oops mode in which the Java heap is
#     placed in the first 4GB address space. The Java Heap base address is the
#     maximum limit for the native heap growth. Please use -XX:HeapBaseMinAddress
#     to set the Java Heap base and to place the Java Heap above 4GB virtual address.
# This output file may be truncated or incomplete.
#
#  Out of Memory Error (allocation.cpp:389), pid=3704, tid=0x0000000000002e4c
#
# JRE version: OpenJDK Runtime Environment (8.0_212-b04) (build 1.8.0_212-release-1586-b04)
# Java VM: OpenJDK 64-Bit Server VM (25.212-b04 mixed mode windows-amd64 compressed oops)
# Failed to write core dump. Minidumps are not enabled by default on client versions of Windows
#

---------------  T H R E A D  ---------------

Current thread (0x00000000170d5800):  JavaThread "C2 CompilerThread0" daemon [_thread_in_native, id=11852, stack(0x00000000179b0000,0x0000000017ab0000)]

Stack: [0x00000000179b0000,0x0000000017ab0000]
[error occurred during error reporting (printing stack bounds), id 0xc0000005]

Native frames: (J=compiled Java code, j=interpreted, Vv=VM code, C=native code)


Current CompileTask:
C2:   7361 4609   !   4       java.util.zip.ZipFile::getInputStream (304 bytes)


---------------  P R O C E S S  ---------------

Java Threads: ( => current thread )
  0x000000001ca1f000 JavaThread "pool-1-thread-1" [_thread_blocked, id=2152, stack(0x00000000221f0000,0x00000000222f0000)]
  0x000000001ca15000 JavaThread "Cache worker for Build Output Cleanup Cache (D:\Java\SolversDataCollector\.gradle\buildOutputCleanup)" [_thread_blocked, id=12404, stack(0x00000000216d0000,0x00000000217d0000)]
  0x000000001ca1b000 JavaThread "Build operations Thread 8" [_thread_blocked, id=8964, stack(0x0000000021ef0000,0x0000000021ff0000)]
  0x000000001ca1c000 JavaThread "Build operations Thread 7" [_thread_blocked, id=8484, stack(0x0000000021df0000,0x0000000021ef0000)]
  0x000000001ca16000 JavaThread "Build operations Thread 6" [_thread_blocked, id=15976, stack(0x0000000021cf0000,0x0000000021df0000)]
  0x000000001ca1a800 JavaThread "Build operations Thread 5" [_thread_blocked, id=15928, stack(0x0000000021bf0000,0x0000000021cf0000)]
  0x000000001ca13000 JavaThread "Build operations Thread 4" [_thread_blocked, id=1152, stack(0x0000000021af0000,0x0000000021bf0000)]
  0x000000001ca19800 JavaThread "Build operations Thread 3" [_thread_blocked, id=1520, stack(0x00000000219f0000,0x0000000021af0000)]
  0x000000001ca18000 JavaThread "Build operations Thread 2" [_thread_blocked, id=9844, stack(0x00000000218f0000,0x00000000219f0000)]
  0x000000001ca17800 JavaThread "Build operations" [_thread_blocked, id=4124, stack(0x00000000217f0000,0x00000000218f0000)]
  0x00000000171eb800 JavaThread "Cache worker for execution history cache (C:\Users\Dell\.gradle\wrapper\dists\gradle-6.3-all\b4awcolw9l59x95tu1obfh9i8\gradle-6.3\caches\6.2.2\executionHistory)" [_thread_blocked, id=5164, stack(0x000000001fa00000,0x000000001fb00000)]
  0x00000000171e9000 JavaThread "Cache worker for cache directory md-rule (C:\Users\Dell\.gradle\wrapper\dists\gradle-6.3-all\b4awcolw9l59x95tu1obfh9i8\gradle-6.3\caches\6.2.2\md-rule)" [_thread_blocked, id=14428, stack(0x000000001e5d0000,0x000000001e6d0000)]
  0x00000000171ea800 JavaThread "Cache worker for cache directory md-supplier (C:\Users\Dell\.gradle\wrapper\dists\gradle-6.3-all\b4awcolw9l59x95tu1obfh9i8\gradle-6.3\caches\6.2.2\md-supplier)" [_thread_blocked, id=13748, stack(0x000000001e4d0000,0x000000001e5d0000)]
  0x00000000171ee800 JavaThread "Cache worker for file hash cache (D:\Java\SolversDataCollector\.gradle\6.2.2\fileHashes)" [_thread_blocked, id=4804, stack(0x000000001e730000,0x000000001e830000)]
  0x00000000171ed800 JavaThread "Cache worker for checksums cache (D:\Java\SolversDataCollector\.gradle\checksums)" [_thread_blocked, id=15388, stack(0x000000001d1a0000,0x000000001d2a0000)]
  0x00000000171ef000 JavaThread "Cache worker for file hash cache (C:\Users\Dell\.gradle\wrapper\dists\gradle-6.3-all\b4awcolw9l59x95tu1obfh9i8\gradle-6.3\caches\6.2.2\fileHashes)" [_thread_blocked, id=1220, stack(0x000000001bed0000,0x000000001bfd0000)]
  0x00000000171ea000 JavaThread "File lock request listener" [_thread_in_native, id=16364, stack(0x000000001bdd0000,0x000000001bed0000)]
  0x0000000018277000 JavaThread "Cache worker for journal cache (C:\Users\Dell\.gradle\wrapper\dists\gradle-6.3-all\b4awcolw9l59x95tu1obfh9i8\gradle-6.3\caches\journal-1)" [_thread_blocked, id=5100, stack(0x000000001bcd0000,0x000000001bdd0000)]
  0x0000000019bc0800 JavaThread "Thread-9" [_thread_blocked, id=1096, stack(0x000000001b9d0000,0x000000001bad0000)]
  0x0000000019bd1000 JavaThread "Stdin handler" [_thread_blocked, id=16028, stack(0x000000001b8d0000,0x000000001b9d0000)]
  0x0000000019bef000 JavaThread "Asynchronous log dispatcher for DefaultDaemonConnection: socket connection from /127.0.0.1:56312 to /127.0.0.1:56313" [_thread_blocked, id=8988, stack(0x000000001b6d0000,0x000000001b7d0000)]
  0x0000000019bbb800 JavaThread "Daemon worker" [_thread_in_vm, id=12196, stack(0x000000001b5d0000,0x000000001b6d0000)]
  0x0000000019bba000 JavaThread "Cancel handler" [_thread_blocked, id=5324, stack(0x000000001b4d0000,0x000000001b5d0000)]
  0x0000000019b8a800 JavaThread "Handler for socket connection from /127.0.0.1:56312 to /127.0.0.1:56313" [_thread_in_native, id=7780, stack(0x000000001b1d0000,0x000000001b2d0000)]
  0x0000000019b80000 JavaThread "Daemon" [_thread_blocked, id=12168, stack(0x000000001b0d0000,0x000000001b1d0000)]
  0x0000000019b54000 JavaThread "Daemon periodic checks" [_thread_blocked, id=5556, stack(0x000000001afd0000,0x000000001b0d0000)]
  0x0000000019b6b000 JavaThread "Incoming local TCP Connector on port 56312" [_thread_in_native, id=13060, stack(0x000000001ad90000,0x000000001ae90000)]
  0x0000000019acb800 JavaThread "Daemon health stats" [_thread_blocked, id=15428, stack(0x000000001a750000,0x000000001a850000)]
  0x0000000017178800 JavaThread "Service Thread" daemon [_thread_blocked, id=9548, stack(0x0000000017db0000,0x0000000017eb0000)]
  0x00000000170e0800 JavaThread "C1 CompilerThread3" daemon [_thread_blocked, id=8176, stack(0x0000000017cb0000,0x0000000017db0000)]
  0x00000000170db000 JavaThread "C2 CompilerThread2" daemon [_thread_in_native, id=10268, stack(0x0000000017bb0000,0x0000000017cb0000)]
  0x00000000170d7000 JavaThread "C2 CompilerThread1" daemon [_thread_in_vm, id=10004, stack(0x0000000017ab0000,0x0000000017bb0000)]
=>0x00000000170d5800 JavaThread "C2 CompilerThread0" daemon [_thread_in_native, id=11852, stack(0x00000000179b0000,0x0000000017ab0000)]
  0x00000000170e5000 JavaThread "Attach Listener" daemon [_thread_blocked, id=10628, stack(0x00000000178b0000,0x00000000179b0000)]
  0x00000000170e2000 JavaThread "Signal Dispatcher" daemon [_thread_blocked, id=14324, stack(0x00000000177b0000,0x00000000178b0000)]
  0x00000000170d0800 JavaThread "Finalizer" daemon [_thread_blocked, id=15048, stack(0x00000000175b0000,0x00000000176b0000)]
  0x0000000002797800 JavaThread "Reference Handler" daemon [_thread_blocked, id=784, stack(0x00000000174b0000,0x00000000175b0000)]
  0x000000000251e000 JavaThread "main" [_thread_blocked, id=12476, stack(0x00000000025a0000,0x00000000026a0000)]

Other Threads:
  0x00000000152b9800 VMThread [stack: 0x0000000016fb0000,0x00000000170b0000] [id=1168]
  0x0000000017189800 WatcherThread [stack: 0x0000000017eb0000,0x0000000017fb0000] [id=5360]

VM state:not at safepoint (normal execution)

VM Mutex/Monitor currently owned by a thread: None

heap address: 0x00000000c0000000, size: 1024 MB, Compressed Oops mode: 32-bit
Narrow klass base: 0x0000000000000000, Narrow klass shift: 3
Compressed class space size: 1073741824 Address: 0x0000000100000000

Heap:
 PSYoungGen      total 213504K, used 24580K [0x00000000eab00000, 0x00000000f9280000, 0x0000000100000000)
  eden space 199168K, 5% used [0x00000000eab00000,0x00000000eb508758,0x00000000f6d80000)
  from space 14336K, 99% used [0x00000000f6d80000,0x00000000f7b78b18,0x00000000f7b80000)
  to   space 15360K, 0% used [0x00000000f7b80000,0x00000000f7b80000,0x00000000f8a80000)
 ParOldGen       total 168448K, used 24685K [0x00000000c0000000, 0x00000000ca480000, 0x00000000eab00000)
  object space 168448K, 14% used [0x00000000c0000000,0x00000000c181b7c8,0x00000000ca480000)
 Metaspace       used 49440K, capacity 51318K, committed 51752K, reserved 1093632K
  class space    used 6626K, capacity 7115K, committed 7216K, reserved 1048576K

Card table byte_map: [0x0000000011b60000,0x0000000011d70000] byte_map_base: 0x0000000011560000

Marking Bits: (ParMarkBitMap*) 0x0000000076239f30
 Begin Bits: [0x00000000126d0000, 0x00000000136d0000)
 End Bits:   [0x00000000136d0000, 0x00000000146d0000)

Polling page: 0x00000000008d0000

CodeCache: size=245760Kb used=15258Kb max_used=16166Kb free=230501Kb
 bounds [0x00000000027a0000, 0x0000000003780000, 0x00000000117a0000]
 total_blobs=5115 nmethods=4350 adapters=678
 compilation: enabled

Compilation events (10 events):
Event: 7.343 Thread 0x00000000170e0800 4607       3       groovyjarjarasm.asm.ByteVector::put12 (64 bytes)
Event: 7.344 Thread 0x00000000170e0800 nmethod 4607 0x000000000298cc90 code [0x000000000298ce00, 0x000000000298d088]
Event: 7.348 Thread 0x00000000170d5800 nmethod 4603 0x00000000029b1390 code [0x00000000029b1500, 0x00000000029b1a28]
Event: 7.348 Thread 0x00000000170e0800 4608       3       sun.misc.URLClassPath::findResource (47 bytes)
Event: 7.349 Thread 0x00000000170e0800 nmethod 4608 0x000000000299cad0 code [0x000000000299cc60, 0x000000000299d028]
Event: 7.352 Thread 0x00000000170d5800 4609   !   4       java.util.zip.ZipFile::getInputStream (304 bytes)
Event: 7.352 Thread 0x00000000170e0800 4610       3       sun.net.www.protocol.jar.JarURLConnection::getUseCaches (8 bytes)
Event: 7.352 Thread 0x00000000170e0800 nmethod 4610 0x00000000028d9290 code [0x00000000028d9400, 0x00000000028d9628]
Event: 7.353 Thread 0x00000000170e0800 4611       3       com.google.common.base.Ticker::systemTicker (4 bytes)
Event: 7.353 Thread 0x00000000170e0800 nmethod 4611 0x0000000002aec910 code [0x0000000002aeca60, 0x0000000002aecb90]

GC Heap History (10 events):
Event: 2.574 GC heap before
{Heap before GC invocations=5 (full 1):
 PSYoungGen      total 140800K, used 8989K [0x00000000eab00000, 0x00000000f3f00000, 0x0000000100000000)
  eden space 130048K, 0% used [0x00000000eab00000,0x00000000eab00000,0x00000000f2a00000)
  from space 10752K, 83% used [0x00000000f3480000,0x00000000f3d47680,0x00000000f3f00000)
  to   space 10752K, 0% used [0x00000000f2a00000,0x00000000f2a00000,0x00000000f3480000)
 ParOldGen       total 173568K, used 1006K [0x00000000c0000000, 0x00000000ca980000, 0x00000000eab00000)
  object space 173568K, 0% used [0x00000000c0000000,0x00000000c00fbb10,0x00000000ca980000)
 Metaspace       used 20482K, capacity 21166K, committed 21296K, reserved 1067008K
  class space    used 2890K, capacity 3101K, committed 3120K, reserved 1048576K
Event: 2.608 GC heap after
Heap after GC invocations=5 (full 1):
 PSYoungGen      total 140800K, used 0K [0x00000000eab00000, 0x00000000f3f00000, 0x0000000100000000)
  eden space 130048K, 0% used [0x00000000eab00000,0x00000000eab00000,0x00000000f2a00000)
  from space 10752K, 0% used [0x00000000f3480000,0x00000000f3480000,0x00000000f3f00000)
  to   space 10752K, 0% used [0x00000000f2a00000,0x00000000f2a00000,0x00000000f3480000)
 ParOldGen       total 104448K, used 8654K [0x00000000c0000000, 0x00000000c6600000, 0x00000000eab00000)
  object space 104448K, 8% used [0x00000000c0000000,0x00000000c0873ae8,0x00000000c6600000)
 Metaspace       used 20482K, capacity 21166K, committed 21296K, reserved 1067008K
  class space    used 2890K, capacity 3101K, committed 3120K, reserved 1048576K
}
Event: 3.801 GC heap before
{Heap before GC invocations=6 (full 1):
 PSYoungGen      total 140800K, used 130048K [0x00000000eab00000, 0x00000000f3f00000, 0x0000000100000000)
  eden space 130048K, 100% used [0x00000000eab00000,0x00000000f2a00000,0x00000000f2a00000)
  from space 10752K, 0% used [0x00000000f3480000,0x00000000f3480000,0x00000000f3f00000)
  to   space 10752K, 0% used [0x00000000f2a00000,0x00000000f2a00000,0x00000000f3480000)
 ParOldGen       total 104448K, used 8654K [0x00000000c0000000, 0x00000000c6600000, 0x00000000eab00000)
  object space 104448K, 8% used [0x00000000c0000000,0x00000000c0873ae8,0x00000000c6600000)
 Metaspace       used 31973K, capacity 32898K, committed 33072K, reserved 1077248K
  class space    used 4372K, capacity 4615K, committed 4656K, reserved 1048576K
Event: 3.812 GC heap after
Heap after GC invocations=6 (full 1):
 PSYoungGen      total 140800K, used 10745K [0x00000000eab00000, 0x00000000f8a80000, 0x0000000100000000)
  eden space 130048K, 0% used [0x00000000eab00000,0x00000000eab00000,0x00000000f2a00000)
  from space 10752K, 99% used [0x00000000f2a00000,0x00000000f347e480,0x00000000f3480000)
  to   space 15360K, 0% used [0x00000000f7b80000,0x00000000f7b80000,0x00000000f8a80000)
 ParOldGen       total 104448K, used 11252K [0x00000000c0000000, 0x00000000c6600000, 0x00000000eab00000)
  object space 104448K, 10% used [0x00000000c0000000,0x00000000c0afd150,0x00000000c6600000)
 Metaspace       used 31973K, capacity 32898K, committed 33072K, reserved 1077248K
  class space    used 4372K, capacity 4615K, committed 4656K, reserved 1048576K
}
Event: 4.221 GC heap before
{Heap before GC invocations=7 (full 1):
 PSYoungGen      total 140800K, used 67927K [0x00000000eab00000, 0x00000000f8a80000, 0x0000000100000000)
  eden space 130048K, 43% used [0x00000000eab00000,0x00000000ee2d7998,0x00000000f2a00000)
  from space 10752K, 99% used [0x00000000f2a00000,0x00000000f347e480,0x00000000f3480000)
  to   space 15360K, 0% used [0x00000000f7b80000,0x00000000f7b80000,0x00000000f8a80000)
 ParOldGen       total 104448K, used 11252K [0x00000000c0000000, 0x00000000c6600000, 0x00000000eab00000)
  object space 104448K, 10% used [0x00000000c0000000,0x00000000c0afd150,0x00000000c6600000)
 Metaspace       used 34398K, capacity 35484K, committed 35496K, reserved 1079296K
  class space    used 4743K, capacity 5035K, committed 5040K, reserved 1048576K
Event: 4.237 GC heap after
Heap after GC invocations=7 (full 1):
 PSYoungGen      total 214528K, used 9206K [0x00000000eab00000, 0x00000000f9280000, 0x0000000100000000)
  eden space 199168K, 0% used [0x00000000eab00000,0x00000000eab00000,0x00000000f6d80000)
  from space 15360K, 59% used [0x00000000f7b80000,0x00000000f847d920,0x00000000f8a80000)
  to   space 14336K, 0% used [0x00000000f6d80000,0x00000000f6d80000,0x00000000f7b80000)
 ParOldGen       total 104448K, used 11260K [0x00000000c0000000, 0x00000000c6600000, 0x00000000eab00000)
  object space 104448K, 10% used [0x00000000c0000000,0x00000000c0aff150,0x00000000c6600000)
 Metaspace       used 34398K, capacity 35484K, committed 35496K, reserved 1079296K
  class space    used 4743K, capacity 5035K, committed 5040K, reserved 1048576K
}
Event: 4.237 GC heap before
{Heap before GC invocations=8 (full 2):
 PSYoungGen      total 214528K, used 9206K [0x00000000eab00000, 0x00000000f9280000, 0x0000000100000000)
  eden space 199168K, 0% used [0x00000000eab00000,0x00000000eab00000,0x00000000f6d80000)
  from space 15360K, 59% used [0x00000000f7b80000,0x00000000f847d920,0x00000000f8a80000)
  to   space 14336K, 0% used [0x00000000f6d80000,0x00000000f6d80000,0x00000000f7b80000)
 ParOldGen       total 104448K, used 11260K [0x00000000c0000000, 0x00000000c6600000, 0x00000000eab00000)
  object space 104448K, 10% used [0x00000000c0000000,0x00000000c0aff150,0x00000000c6600000)
 Metaspace       used 34398K, capacity 35484K, committed 35496K, reserved 1079296K
  class space    used 4743K, capacity 5035K, committed 5040K, reserved 1048576K
Event: 4.306 GC heap after
Heap after GC invocations=8 (full 2):
 PSYoungGen      total 214528K, used 0K [0x00000000eab00000, 0x00000000f9280000, 0x0000000100000000)
  eden space 199168K, 0% used [0x00000000eab00000,0x00000000eab00000,0x00000000f6d80000)
  from space 15360K, 0% used [0x00000000f7b80000,0x00000000f7b80000,0x00000000f8a80000)
  to   space 14336K, 0% used [0x00000000f6d80000,0x00000000f6d80000,0x00000000f7b80000)
 ParOldGen       total 168448K, used 16140K [0x00000000c0000000, 0x00000000ca480000, 0x00000000eab00000)
  object space 168448K, 9% used [0x00000000c0000000,0x00000000c0fc3030,0x00000000ca480000)
 Metaspace       used 34398K, capacity 35484K, committed 35496K, reserved 1079296K
  class space    used 4743K, capacity 5035K, committed 5040K, reserved 1048576K
}
Event: 7.247 GC heap before
{Heap before GC invocations=9 (full 2):
 PSYoungGen      total 214528K, used 199168K [0x00000000eab00000, 0x00000000f9280000, 0x0000000100000000)
  eden space 199168K, 100% used [0x00000000eab00000,0x00000000f6d80000,0x00000000f6d80000)
  from space 15360K, 0% used [0x00000000f7b80000,0x00000000f7b80000,0x00000000f8a80000)
  to   space 14336K, 0% used [0x00000000f6d80000,0x00000000f6d80000,0x00000000f7b80000)
 ParOldGen       total 168448K, used 16140K [0x00000000c0000000, 0x00000000ca480000, 0x00000000eab00000)
  object space 168448K, 9% used [0x00000000c0000000,0x00000000c0fc3030,0x00000000ca480000)
 Metaspace       used 49327K, capacity 51112K, committed 51368K, reserved 1093632K
  class space    used 6597K, capacity 7065K, committed 7088K, reserved 1048576K
Event: 7.278 GC heap after
Heap after GC invocations=9 (full 2):
 PSYoungGen      total 213504K, used 14306K [0x00000000eab00000, 0x00000000f9280000, 0x0000000100000000)
  eden space 199168K, 0% used [0x00000000eab00000,0x00000000eab00000,0x00000000f6d80000)
  from space 14336K, 99% used [0x00000000f6d80000,0x00000000f7b78b18,0x00000000f7b80000)
  to   space 15360K, 0% used [0x00000000f7b80000,0x00000000f7b80000,0x00000000f8a80000)
 ParOldGen       total 168448K, used 24685K [0x00000000c0000000, 0x00000000ca480000, 0x00000000eab00000)
  object space 168448K, 14% used [0x00000000c0000000,0x00000000c181b7c8,0x00000000ca480000)
 Metaspace       used 49327K, capacity 51112K, committed 51368K, reserved 1093632K
  class space    used 6597K, capacity 7065K, committed 7088K, reserved 1048576K
}

Deoptimization events (10 events):
Event: 6.681 Thread 0x0000000019bbb800 Uncommon trap: reason=unstable_if action=reinterpret pc=0x00000000033f73b0 method=org.gradle.internal.reflect.PropertyAccessorType.of(Ljava/lang/reflect/Method;)Lorg/gradle/internal/reflect/PropertyAccessorType; @ 56
Event: 7.030 Thread 0x0000000019bbb800 Uncommon trap: reason=unstable_if action=reinterpret pc=0x000000000356d1f0 method=org.gradle.internal.instantiation.generator.AbstractClassGenerator$InjectionAnnotationValidator.validateMethod(Ljava/lang/reflect/Method;Lorg/gradle/internal/reflect/Propert
Event: 7.153 Thread 0x0000000019bbb800 Uncommon trap: reason=unstable_if action=reinterpret pc=0x000000000358b8fc method=java.lang.ClassLoader.checkCerts(Ljava/lang/String;Ljava/security/CodeSource;)V @ 29
Event: 7.179 Thread 0x0000000019bbb800 Uncommon trap: reason=bimorphic action=maybe_recompile pc=0x000000000346a0dc method=java.util.Arrays.binarySearch0([Ljava/lang/Object;IILjava/lang/Object;Ljava/util/Comparator;)I @ 48
Event: 7.179 Thread 0x0000000019bbb800 Uncommon trap: reason=bimorphic action=maybe_recompile pc=0x000000000346a0dc method=java.util.Arrays.binarySearch0([Ljava/lang/Object;IILjava/lang/Object;Ljava/util/Comparator;)I @ 48
Event: 7.179 Thread 0x0000000019bbb800 Uncommon trap: reason=bimorphic action=maybe_recompile pc=0x000000000346a0dc method=java.util.Arrays.binarySearch0([Ljava/lang/Object;IILjava/lang/Object;Ljava/util/Comparator;)I @ 48
Event: 7.179 Thread 0x0000000019bbb800 Uncommon trap: reason=bimorphic action=maybe_recompile pc=0x000000000346a0dc method=java.util.Arrays.binarySearch0([Ljava/lang/Object;IILjava/lang/Object;Ljava/util/Comparator;)I @ 48
Event: 7.311 Thread 0x0000000019bbb800 Uncommon trap: reason=unstable_if action=reinterpret pc=0x0000000003586840 method=java.lang.ClassLoader.checkCerts(Ljava/lang/String;Ljava/security/CodeSource;)V @ 29
Event: 7.311 Thread 0x0000000019bbb800 Uncommon trap: reason=class_check action=maybe_recompile pc=0x00000000035035dc method=java.util.regex.Matcher.search(I)Z @ 86
Event: 7.311 Thread 0x0000000019bbb800 Uncommon trap: reason=class_check action=maybe_recompile pc=0x00000000035035dc method=java.util.regex.Matcher.search(I)Z @ 86

Classes redefined (0 events):
No events

Internal exceptions (10 events):
Event: 7.314 Thread 0x0000000019bbb800 Exception <a 'java/lang/ClassNotFoundException': com/crashlytics/tools/gradle/ExternalPluginsStateBeanInfo> (0x00000000ead4b858) thrown at [D:\src\AOSP-openjdk-cygwin\jdk8u\hotspot\src\share\vm\classfile\systemDictionary.cpp, line 210]
Event: 7.315 Thread 0x0000000019bbb800 Exception <a 'java/lang/ClassNotFoundException': com/crashlytics/tools/gradle/ExternalPluginsStateCustomizer> (0x00000000ead65c40) thrown at [D:\src\AOSP-openjdk-cygwin\jdk8u\hotspot\src\share\vm\classfile\systemDictionary.cpp, line 210]
Event: 7.320 Thread 0x0000000019bbb800 Exception <a 'java/lang/ClassNotFoundException': groovy/lang/ReferenceBeanInfo> (0x00000000eadd7030) thrown at [D:\src\AOSP-openjdk-cygwin\jdk8u\hotspot\src\share\vm\classfile\systemDictionary.cpp, line 210]
Event: 7.321 Thread 0x0000000019bbb800 Exception <a 'java/lang/ClassNotFoundException': groovy/lang/ReferenceCustomizer> (0x00000000eae010b0) thrown at [D:\src\AOSP-openjdk-cygwin\jdk8u\hotspot\src\share\vm\classfile\systemDictionary.cpp, line 210]
Event: 7.337 Thread 0x0000000019bbb800 Exception <a 'java/lang/ClassNotFoundException': org/gradle/api/internal/plugins/DefaultPluginContainerBeanInfo> (0x00000000eafdf920) thrown at [D:\src\AOSP-openjdk-cygwin\jdk8u\hotspot\src\share\vm\classfile\systemDictionary.cpp, line 210]
Event: 7.338 Thread 0x0000000019bbb800 Exception <a 'java/lang/ClassNotFoundException': org/gradle/api/internal/plugins/DefaultPluginCollectionBeanInfo> (0x00000000eb020678) thrown at [D:\src\AOSP-openjdk-cygwin\jdk8u\hotspot\src\share\vm\classfile\systemDictionary.cpp, line 210]
Event: 7.339 Thread 0x0000000019bbb800 Exception <a 'java/lang/ClassNotFoundException': org/gradle/api/internal/DefaultDomainObjectSetBeanInfo> (0x00000000eb05b030) thrown at [D:\src\AOSP-openjdk-cygwin\jdk8u\hotspot\src\share\vm\classfile\systemDictionary.cpp, line 210]
Event: 7.339 Thread 0x0000000019bbb800 Exception <a 'java/lang/ClassNotFoundException': org/gradle/api/internal/DefaultDomainObjectSetCustomizer> (0x00000000eb097478) thrown at [D:\src\AOSP-openjdk-cygwin\jdk8u\hotspot\src\share\vm\classfile\systemDictionary.cpp, line 210]
Event: 7.341 Thread 0x0000000019bbb800 Exception <a 'java/lang/ClassNotFoundException': org/gradle/api/internal/plugins/DefaultPluginCollectionCustomizer> (0x00000000eb0ea3f8) thrown at [D:\src\AOSP-openjdk-cygwin\jdk8u\hotspot\src\share\vm\classfile\systemDictionary.cpp, line 210]
Event: 7.342 Thread 0x0000000019bbb800 Exception <a 'java/lang/ClassNotFoundException': org/gradle/api/internal/plugins/DefaultPluginContainerCustomizer> (0x00000000eb15f500) thrown at [D:\src\AOSP-openjdk-cygwin\jdk8u\hotspot\src\share\vm\classfile\systemDictionary.cpp, line 210]

Events (10 events):
Event: 7.349 loading class com/android/build/gradle/InstantAppPlugin
Event: 7.349 loading class com/android/build/gradle/InstantAppPlugin done
Event: 7.352 loading class com/android/build/gradle/LibraryPlugin
Event: 7.352 loading class com/android/build/gradle/LibraryPlugin done
Event: 7.356 loading class org/gradle/api/internal/project/DefaultProject$5
Event: 7.356 loading class org/gradle/api/internal/project/DefaultProject$5 done
Event: 7.356 loading class org/gradle/internal/extensibility/ExtensibleDynamicObject$1
Event: 7.356 loading class org/gradle/internal/extensibility/ExtensibleDynamicObject$1 done
Event: 7.359 loading class groovy/runtime/metaclass/org/gradle/api/plugins/internal/DefaultJavaPluginConventionMetaClass
Event: 7.359 loading class groovy/runtime/metaclass/org/gradle/api/plugins/internal/DefaultJavaPluginConventionMetaClass done


Dynamic libraries:
0x00007ff769f00000 - 0x00007ff769f31000 	D:\Android Studio\jre\bin\java.exe
0x00007ffb65d00000 - 0x00007ffb65ef0000 	C:\Windows\SYSTEM32\ntdll.dll
0x00007ffb659d0000 - 0x00007ffb65a82000 	C:\Windows\System32\KERNEL32.DLL
0x00007ffb63560000 - 0x00007ffb63803000 	C:\Windows\System32\KERNELBASE.dll
0x00007ffb64e20000 - 0x00007ffb64ec3000 	C:\Windows\System32\ADVAPI32.dll
0x00007ffb64b40000 - 0x00007ffb64bde000 	C:\Windows\System32\msvcrt.dll
0x00007ffb654b0000 - 0x00007ffb65547000 	C:\Windows\System32\sechost.dll
0x00007ffb64310000 - 0x00007ffb64430000 	C:\Windows\System32\RPCRT4.dll
0x00007ffb65240000 - 0x00007ffb653d4000 	C:\Windows\System32\USER32.dll
0x00007ffb63d80000 - 0x00007ffb63da1000 	C:\Windows\System32\win32u.dll
0x00007ffb64be0000 - 0x00007ffb64c06000 	C:\Windows\System32\GDI32.dll
0x00007ffb63990000 - 0x00007ffb63b24000 	C:\Windows\System32\gdi32full.dll
0x00007ffb63810000 - 0x00007ffb638ae000 	C:\Windows\System32\msvcp_win.dll
0x00007ffb63c80000 - 0x00007ffb63d7a000 	C:\Windows\System32\ucrtbase.dll
0x00007ffb4fc00000 - 0x00007ffb4fe85000 	C:\Windows\WinSxS\amd64_microsoft.windows.common-controls_6595b64144ccf1df_6.0.18362.720_none_e6beb5c51314836b\COMCTL32.dll
0x00007ffb65550000 - 0x00007ffb65886000 	C:\Windows\System32\combase.dll
0x00007ffb638b0000 - 0x00007ffb63930000 	C:\Windows\System32\bcryptPrimitives.dll
0x00007ffb64d70000 - 0x00007ffb64d9e000 	C:\Windows\System32\IMM32.DLL
0x0000000077310000 - 0x00000000773e2000 	D:\Android Studio\jre\jre\bin\msvcr100.dll
0x0000000075a70000 - 0x00000000762b6000 	D:\Android Studio\jre\jre\bin\server\jvm.dll
0x00007ffb64b30000 - 0x00007ffb64b38000 	C:\Windows\System32\PSAPI.DLL
0x00007ffb51570000 - 0x00007ffb51579000 	C:\Windows\SYSTEM32\WSOCK32.dll
0x00007ffb5f4e0000 - 0x00007ffb5f504000 	C:\Windows\SYSTEM32\WINMM.dll
0x00007ffb5c200000 - 0x00007ffb5c20a000 	C:\Windows\SYSTEM32\VERSION.dll
0x00007ffb65c50000 - 0x00007ffb65cbf000 	C:\Windows\System32\WS2_32.dll
0x00007ffb5f4b0000 - 0x00007ffb5f4dd000 	C:\Windows\SYSTEM32\winmmbase.dll
0x00007ffb62d40000 - 0x00007ffb62d8a000 	C:\Windows\System32\cfgmgr32.dll
0x00007ffb5d0c0000 - 0x00007ffb5d0cf000 	D:\Android Studio\jre\jre\bin\verify.dll
0x00007ffb5c150000 - 0x00007ffb5c179000 	D:\Android Studio\jre\jre\bin\java.dll
0x00007ffb5bbb0000 - 0x00007ffb5bbc6000 	D:\Android Studio\jre\jre\bin\zip.dll
0x00007ffb64430000 - 0x00007ffb64b15000 	C:\Windows\System32\SHELL32.dll
0x00007ffb64cc0000 - 0x00007ffb64d69000 	C:\Windows\System32\shcore.dll
0x00007ffb62d90000 - 0x00007ffb63510000 	C:\Windows\System32\windows.storage.dll
0x00007ffb62c10000 - 0x00007ffb62c33000 	C:\Windows\System32\profapi.dll
0x00007ffb62c40000 - 0x00007ffb62c8a000 	C:\Windows\System32\powrprof.dll
0x00007ffb62bc0000 - 0x00007ffb62bd0000 	C:\Windows\System32\UMPDC.dll
0x00007ffb653e0000 - 0x00007ffb65432000 	C:\Windows\System32\shlwapi.dll
0x00007ffb62bd0000 - 0x00007ffb62be1000 	C:\Windows\System32\kernel.appcore.dll
0x00007ffb63510000 - 0x00007ffb63527000 	C:\Windows\System32\cryptsp.dll
0x00007ffb45310000 - 0x00007ffb4532a000 	D:\Android Studio\jre\jre\bin\net.dll
0x00007ffb4fff0000 - 0x00007ffb501c5000 	C:\Windows\SYSTEM32\urlmon.dll
0x00007ffb4f7a0000 - 0x00007ffb4fa46000 	C:\Windows\SYSTEM32\iertutil.dll
0x00007ffb625a0000 - 0x00007ffb625ac000 	C:\Windows\SYSTEM32\CRYPTBASE.DLL
0x00007ffb623d0000 - 0x00007ffb62437000 	C:\Windows\system32\mswsock.dll
0x00007ffb452f0000 - 0x00007ffb45303000 	D:\Android Studio\jre\jre\bin\nio.dll
0x00007ffb2e060000 - 0x00007ffb2e08a000 	C:\Users\Dell\.gradle\wrapper\dists\gradle-6.3-all\b4awcolw9l59x95tu1obfh9i8\gradle-6.3\native\36\windows-amd64\native-platform.dll
0x00007ffb452e0000 - 0x00007ffb452ed000 	D:\Android Studio\jre\jre\bin\management.dll
0x00007ffb61f40000 - 0x00007ffb61f73000 	C:\Windows\system32\rsaenh.dll
0x00007ffb63530000 - 0x00007ffb63556000 	C:\Windows\System32\bcrypt.dll
0x00007ffb62ae0000 - 0x00007ffb62b05000 	C:\Windows\SYSTEM32\USERENV.dll
0x00007ffb620e0000 - 0x00007ffb6211a000 	C:\Windows\SYSTEM32\IPHLPAPI.DLL
0x00007ffb64b20000 - 0x00007ffb64b28000 	C:\Windows\System32\NSI.dll
0x00007ffb59520000 - 0x00007ffb59536000 	C:\Windows\SYSTEM32\dhcpcsvc6.DLL
0x00007ffb5a130000 - 0x00007ffb5a14c000 	C:\Windows\SYSTEM32\dhcpcsvc.DLL
0x00007ffb62120000 - 0x00007ffb621ea000 	C:\Windows\SYSTEM32\DNSAPI.dll

VM Arguments:
jvm_args: -Xmx1024m -Dfile.encoding=windows-1252 -Duser.country=US -Duser.language=en -Duser.variant 
java_command: org.gradle.launcher.daemon.bootstrap.GradleDaemon 6.2.2
java_class_path (initial): C:\Users\Dell\.gradle\wrapper\dists\gradle-6.3-all\b4awcolw9l59x95tu1obfh9i8\gradle-6.3\wrapper\dists\gradle-6.2.2-all\2k4hz1yffuhb6ob9prdg10tx\gradle-6.2.2\lib\gradle-launcher-6.2.2.jar
Launcher Type: SUN_STANDARD

Environment Variables:
PATH=C:\Program Files (x86)\Common Files\Oracle\Java\javapath;C:\Windows\system32;C:\Windows;C:\Windows\System32\Wbem;C:\Windows\System32\WindowsPowerShell\v1.0\;C:\Windows\System32\OpenSSH\;C:\Program Files\Git\cmd;C:\Program Files\Java\jdk-13\bin;C:\Program Files\SourceGear\Common\DiffMerge\;C:\Program Files (x86)\Microsoft SQL Server\100\Tools\Binn\;C:\Program Files\Microsoft SQL Server\100\Tools\Binn\;C:\Program Files\Microsoft SQL Server\100\DTS\Binn\;C:\Program Files\Microsoft SQL Server\110\DTS\Binn\;C:\Program Files (x86)\Microsoft SQL Server\110\Tools\Binn\;C:\Program Files\Microsoft SQL Server\110\Tools\Binn\;C:\Program Files (x86)\Microsoft SQL Server\110\Tools\Binn\ManagementStudio\;C:\Program Files (x86)\Microsoft Visual Studio 10.0\Common7\IDE\PrivateAssemblies\;C:\Program Files (x86)\Microsoft SQL Server\110\DTS\Binn\;C:\PHP;C:\adt-bundle-windows-x86_64-20140702\sdk\tools\lib;C:\Program Files (x86)\Java\jdk1.6.0_18\bin;C:\Gradle\gradle-6.2.2\bin;C:\Gradle\gradle-6.3\bin;C:\Users\Dell\AppData\Local\Microsoft\WindowsApps;C:\Users\Dell\AppData\Roaming\Dashlane\6.1935.0.22811\bin\Firefox_Extension\{442718d9-475e-452a-b3e1-fb1ee16b8e9f}\components;C:\Users\Dell\AppData\Roaming\Dashlane\6.1935.0.22811\ucrt;C:\Program Files\Java\jdk-13\bin;C:\adt-bundle-windows-x86_64-20140702\sdk\tools\lib;C:\Program Files (x86)\Java\jdk1.6.0_18\bin;C:\Users\Dell\AppData\Local\atom\bin
USERNAME=Dell
OS=Windows_NT
PROCESSOR_IDENTIFIER=Intel64 Family 6 Model 142 Stepping 10, GenuineIntel



---------------  S Y S T E M  ---------------

OS: Windows 10.0 , 64 bit Build 18362 (10.0.18362.329)

CPU:total 8 (initial active 8) (4 cores per cpu, 2 threads per core) family 6 model 142 stepping 10, cmov, cx8, fxsr, mmx, sse, sse2, sse3, ssse3, sse4.1, sse4.2, popcnt, avx, avx2, aes, clmul, erms, 3dnowpref, lzcnt, ht, tsc, tscinvbit, bmi1, bmi2, adx

Memory: 4k page, physical 16607060k(346120k free), swap 48524496k(136k free)

vm_info: OpenJDK 64-Bit Server VM (25.212-b04) for windows-amd64 JRE (1.8.0_212-release-1586-b04), built by "builder" with MS VC++ 10.0 (VS2010)

time: Wed Apr 15 04:51:44 2020
timezone: Bangladesh Standard Time
elapsed time: 7 seconds (0d 0h 0m 7s)

